2015-07-23 04:05:45,248 [main] WARN  o.e.r.c.r.p.ProcessableProposalFactory - Unknown JDT proposal type 'class org.eclipse.jdt.internal.ui.text.javadoc.JavadocInlineTagCompletionProposal' ('{@value}'). Returning original proposal instead.
2015-07-23 04:05:45,456 [main] WARN  o.e.r.c.r.p.ProcessableProposalFactory - Unknown JDT proposal type 'class org.eclipse.jdt.internal.ui.text.java.LazyJavaCompletionProposal' ('@see'). Returning original proposal instead.
2015-07-23 04:05:45,461 [main] WARN  o.e.r.c.r.p.ProcessableProposalFactory - Unknown JDT proposal type 'class org.eclipse.jdt.internal.ui.text.java.LazyJavaCompletionProposal' ('@exception'). Returning original proposal instead.
2015-07-23 04:05:45,466 [main] WARN  o.e.r.c.r.p.ProcessableProposalFactory - Unknown JDT proposal type 'class org.eclipse.jdt.internal.ui.text.java.LazyJavaCompletionProposal' ('@return'). Returning original proposal instead.
2015-07-23 04:05:45,472 [main] WARN  o.e.r.c.r.p.ProcessableProposalFactory - Unknown JDT proposal type 'class org.eclipse.jdt.internal.ui.text.javadoc.JavadocInlineTagCompletionProposal' ('{@linkplain}'). Returning original proposal instead.
2015-07-23 04:05:45,477 [main] WARN  o.e.r.c.r.p.ProcessableProposalFactory - Unknown JDT proposal type 'class org.eclipse.jdt.internal.ui.text.java.LazyJavaCompletionProposal' ('@throws'). Returning original proposal instead.
2015-07-23 04:05:45,482 [main] WARN  o.e.r.c.r.p.ProcessableProposalFactory - Unknown JDT proposal type 'class org.eclipse.jdt.internal.ui.text.javadoc.JavadocInlineTagCompletionProposal' ('{@link}'). Returning original proposal instead.
2015-07-23 04:05:45,487 [main] WARN  o.e.r.c.r.p.ProcessableProposalFactory - Unknown JDT proposal type 'class org.eclipse.jdt.internal.ui.text.java.LazyJavaCompletionProposal' ('@category'). Returning original proposal instead.
2015-07-23 04:05:45,499 [main] WARN  o.e.r.c.r.p.ProcessableProposalFactory - Unknown JDT proposal type 'class org.eclipse.jdt.internal.ui.text.java.LazyJavaCompletionProposal' ('@param'). Returning original proposal instead.
2015-07-23 04:05:45,504 [main] WARN  o.e.r.c.r.p.ProcessableProposalFactory - Unknown JDT proposal type 'class org.eclipse.jdt.internal.ui.text.java.LazyJavaCompletionProposal' ('@since'). Returning original proposal instead.
2015-07-23 04:05:45,511 [main] WARN  o.e.r.c.r.p.ProcessableProposalFactory - Unknown JDT proposal type 'class org.eclipse.jdt.internal.ui.text.javadoc.JavadocInlineTagCompletionProposal' ('{@inheritDoc}'). Returning original proposal instead.
2015-07-23 04:05:45,517 [main] WARN  o.e.r.c.r.p.ProcessableProposalFactory - Unknown JDT proposal type 'class org.eclipse.jdt.internal.ui.text.javadoc.JavadocInlineTagCompletionProposal' ('{@literal}'). Returning original proposal instead.
2015-07-23 04:05:45,522 [main] WARN  o.e.r.c.r.p.ProcessableProposalFactory - Unknown JDT proposal type 'class org.eclipse.jdt.internal.ui.text.java.LazyJavaCompletionProposal' ('@deprecated'). Returning original proposal instead.
2015-07-23 04:05:45,527 [main] WARN  o.e.r.c.r.p.ProcessableProposalFactory - Unknown JDT proposal type 'class org.eclipse.jdt.internal.ui.text.java.LazyJavaCompletionProposal' ('@serialData'). Returning original proposal instead.
2015-07-23 04:05:45,532 [main] WARN  o.e.r.c.r.p.ProcessableProposalFactory - Unknown JDT proposal type 'class org.eclipse.jdt.internal.ui.text.javadoc.JavadocInlineTagCompletionProposal' ('{@docRoot}'). Returning original proposal instead.
2015-07-23 04:05:45,539 [main] WARN  o.e.r.c.r.p.ProcessableProposalFactory - Unknown JDT proposal type 'class org.eclipse.jdt.internal.ui.text.javadoc.JavadocInlineTagCompletionProposal' ('{@code}'). Returning original proposal instead.
2015-07-23 04:05:50,113 [main] WARN  o.e.r.c.r.p.ProcessableProposalFactory - Unknown JDT proposal type 'class org.eclipse.jdt.internal.ui.text.java.LazyJavaCompletionProposal' ('@exception'). Returning original proposal instead.
2015-07-23 04:05:50,129 [main] WARN  o.e.r.c.r.p.ProcessableProposalFactory - Unknown JDT proposal type 'class org.eclipse.jdt.internal.ui.text.java.LazyJavaCompletionProposal' ('@return'). Returning original proposal instead.
2015-07-23 04:05:50,144 [main] WARN  o.e.r.c.r.p.ProcessableProposalFactory - Unknown JDT proposal type 'class org.eclipse.jdt.internal.ui.text.javadoc.JavadocInlineTagCompletionProposal' ('{@literal}'). Returning original proposal instead.
2015-07-23 04:05:50,153 [main] WARN  o.e.r.c.r.p.ProcessableProposalFactory - Unknown JDT proposal type 'class org.eclipse.jdt.internal.ui.text.java.LazyJavaCompletionProposal' ('@see'). Returning original proposal instead.
2015-07-23 04:05:50,160 [main] WARN  o.e.r.c.r.p.ProcessableProposalFactory - Unknown JDT proposal type 'class org.eclipse.jdt.internal.ui.text.javadoc.JavadocInlineTagCompletionProposal' ('{@value}'). Returning original proposal instead.
2015-07-23 04:05:50,168 [main] WARN  o.e.r.c.r.p.ProcessableProposalFactory - Unknown JDT proposal type 'class org.eclipse.jdt.internal.ui.text.javadoc.JavadocInlineTagCompletionProposal' ('{@inheritDoc}'). Returning original proposal instead.
2015-07-23 04:05:50,175 [main] WARN  o.e.r.c.r.p.ProcessableProposalFactory - Unknown JDT proposal type 'class org.eclipse.jdt.internal.ui.text.java.LazyJavaCompletionProposal' ('@deprecated'). Returning original proposal instead.
2015-07-23 04:05:50,181 [main] WARN  o.e.r.c.r.p.ProcessableProposalFactory - Unknown JDT proposal type 'class org.eclipse.jdt.internal.ui.text.java.LazyJavaCompletionProposal' ('@param'). Returning original proposal instead.
2015-07-23 04:05:50,188 [main] WARN  o.e.r.c.r.p.ProcessableProposalFactory - Unknown JDT proposal type 'class org.eclipse.jdt.internal.ui.text.java.LazyJavaCompletionProposal' ('@throws'). Returning original proposal instead.
2015-07-23 04:05:50,194 [main] WARN  o.e.r.c.r.p.ProcessableProposalFactory - Unknown JDT proposal type 'class org.eclipse.jdt.internal.ui.text.java.LazyJavaCompletionProposal' ('@serialData'). Returning original proposal instead.
2015-07-23 04:05:50,202 [main] WARN  o.e.r.c.r.p.ProcessableProposalFactory - Unknown JDT proposal type 'class org.eclipse.jdt.internal.ui.text.javadoc.JavadocInlineTagCompletionProposal' ('{@link}'). Returning original proposal instead.
2015-07-23 04:05:50,209 [main] WARN  o.e.r.c.r.p.ProcessableProposalFactory - Unknown JDT proposal type 'class org.eclipse.jdt.internal.ui.text.java.LazyJavaCompletionProposal' ('@since'). Returning original proposal instead.
2015-07-23 04:05:50,215 [main] WARN  o.e.r.c.r.p.ProcessableProposalFactory - Unknown JDT proposal type 'class org.eclipse.jdt.internal.ui.text.java.LazyJavaCompletionProposal' ('@category'). Returning original proposal instead.
2015-07-23 04:05:50,220 [main] WARN  o.e.r.c.r.p.ProcessableProposalFactory - Unknown JDT proposal type 'class org.eclipse.jdt.internal.ui.text.javadoc.JavadocInlineTagCompletionProposal' ('{@docRoot}'). Returning original proposal instead.
2015-07-23 04:05:50,225 [main] WARN  o.e.r.c.r.p.ProcessableProposalFactory - Unknown JDT proposal type 'class org.eclipse.jdt.internal.ui.text.javadoc.JavadocInlineTagCompletionProposal' ('{@linkplain}'). Returning original proposal instead.
2015-07-23 04:05:50,230 [main] WARN  o.e.r.c.r.p.ProcessableProposalFactory - Unknown JDT proposal type 'class org.eclipse.jdt.internal.ui.text.javadoc.JavadocInlineTagCompletionProposal' ('{@code}'). Returning original proposal instead.
2015-07-23 04:09:18,441 [main] WARN  o.e.r.c.r.p.ProcessableProposalFactory - Unknown JDT proposal type 'class org.eclipse.jdt.internal.ui.text.javadoc.JavadocInlineTagCompletionProposal' ('{@docRoot}'). Returning original proposal instead.
2015-07-23 04:09:18,659 [main] WARN  o.e.r.c.r.p.ProcessableProposalFactory - Unknown JDT proposal type 'class org.eclipse.jdt.internal.ui.text.java.LazyJavaCompletionProposal' ('@return'). Returning original proposal instead.
2015-07-23 04:09:18,673 [main] WARN  o.e.r.c.r.p.ProcessableProposalFactory - Unknown JDT proposal type 'class org.eclipse.jdt.internal.ui.text.javadoc.JavadocInlineTagCompletionProposal' ('{@inheritDoc}'). Returning original proposal instead.
2015-07-23 04:09:18,684 [main] WARN  o.e.r.c.r.p.ProcessableProposalFactory - Unknown JDT proposal type 'class org.eclipse.jdt.internal.ui.text.javadoc.JavadocInlineTagCompletionProposal' ('{@value}'). Returning original proposal instead.
2015-07-23 04:09:18,691 [main] WARN  o.e.r.c.r.p.ProcessableProposalFactory - Unknown JDT proposal type 'class org.eclipse.jdt.internal.ui.text.java.LazyJavaCompletionProposal' ('@throws'). Returning original proposal instead.
2015-07-23 04:09:18,699 [main] WARN  o.e.r.c.r.p.ProcessableProposalFactory - Unknown JDT proposal type 'class org.eclipse.jdt.internal.ui.text.java.LazyJavaCompletionProposal' ('@deprecated'). Returning original proposal instead.
2015-07-23 04:09:18,707 [main] WARN  o.e.r.c.r.p.ProcessableProposalFactory - Unknown JDT proposal type 'class org.eclipse.jdt.internal.ui.text.java.LazyJavaCompletionProposal' ('@serialData'). Returning original proposal instead.
2015-07-23 04:09:18,713 [main] WARN  o.e.r.c.r.p.ProcessableProposalFactory - Unknown JDT proposal type 'class org.eclipse.jdt.internal.ui.text.javadoc.JavadocInlineTagCompletionProposal' ('{@link}'). Returning original proposal instead.
2015-07-23 04:09:18,719 [main] WARN  o.e.r.c.r.p.ProcessableProposalFactory - Unknown JDT proposal type 'class org.eclipse.jdt.internal.ui.text.javadoc.JavadocInlineTagCompletionProposal' ('{@literal}'). Returning original proposal instead.
2015-07-23 04:09:18,725 [main] WARN  o.e.r.c.r.p.ProcessableProposalFactory - Unknown JDT proposal type 'class org.eclipse.jdt.internal.ui.text.java.LazyJavaCompletionProposal' ('@since'). Returning original proposal instead.
2015-07-23 04:09:18,730 [main] WARN  o.e.r.c.r.p.ProcessableProposalFactory - Unknown JDT proposal type 'class org.eclipse.jdt.internal.ui.text.java.LazyJavaCompletionProposal' ('@see'). Returning original proposal instead.
2015-07-23 04:09:18,737 [main] WARN  o.e.r.c.r.p.ProcessableProposalFactory - Unknown JDT proposal type 'class org.eclipse.jdt.internal.ui.text.java.LazyJavaCompletionProposal' ('@category'). Returning original proposal instead.
2015-07-23 04:09:18,743 [main] WARN  o.e.r.c.r.p.ProcessableProposalFactory - Unknown JDT proposal type 'class org.eclipse.jdt.internal.ui.text.javadoc.JavadocInlineTagCompletionProposal' ('{@linkplain}'). Returning original proposal instead.
2015-07-23 04:09:18,748 [main] WARN  o.e.r.c.r.p.ProcessableProposalFactory - Unknown JDT proposal type 'class org.eclipse.jdt.internal.ui.text.javadoc.JavadocInlineTagCompletionProposal' ('{@code}'). Returning original proposal instead.
2015-07-23 04:09:18,753 [main] WARN  o.e.r.c.r.p.ProcessableProposalFactory - Unknown JDT proposal type 'class org.eclipse.jdt.internal.ui.text.java.LazyJavaCompletionProposal' ('@exception'). Returning original proposal instead.
2015-07-23 04:09:18,758 [main] WARN  o.e.r.c.r.p.ProcessableProposalFactory - Unknown JDT proposal type 'class org.eclipse.jdt.internal.ui.text.java.LazyJavaCompletionProposal' ('@param'). Returning original proposal instead.
